{"/Users/andelarwanda/Desktop/GilTech_backEnd/index.js": {"path":"/Users/andelarwanda/Desktop/GilTech_backEnd/index.js","statementMap":{"0":{"start":{"line":8,"column":12},"end":{"line":8,"column":21}},"1":{"start":{"line":9,"column":0},"end":{"line":9,"column":24}},"2":{"start":{"line":12,"column":0},"end":{"line":12,"column":76}},"3":{"start":{"line":12,"column":23},"end":{"line":12,"column":74}},"4":{"start":{"line":14,"column":0},"end":{"line":14,"column":35}},"5":{"start":{"line":15,"column":0},"end":{"line":15,"column":35}},"6":{"start":{"line":16,"column":0},"end":{"line":16,"column":38}},"7":{"start":{"line":17,"column":0},"end":{"line":17,"column":41}},"8":{"start":{"line":18,"column":0},"end":{"line":18,"column":30}}},"fnMap":{"0":{"name":"(anonymous_0)","decl":{"start":{"line":12,"column":12},"end":{"line":12,"column":13}},"loc":{"start":{"line":12,"column":23},"end":{"line":12,"column":74}},"line":12}},"branchMap":{},"s":{"0":1,"1":1,"2":1,"3":0,"4":1,"5":1,"6":1,"7":1,"8":1},"f":{"0":0},"b":{},"_coverageSchema":"1a1c01bbd47fc00a2c39e90264f33305004495a9","hash":"332c6bf64d21f4fb2f0d2b008fa814d9f362f53a"}
,"/Users/andelarwanda/Desktop/GilTech_backEnd/controllers/blogController.js": {"path":"/Users/andelarwanda/Desktop/GilTech_backEnd/controllers/blogController.js","statementMap":{"0":{"start":{"line":2,"column":26},"end":{"line":22,"column":1}},"1":{"start":{"line":3,"column":4},"end":{"line":20,"column":5}},"2":{"start":{"line":4,"column":24},"end":{"line":4,"column":51}},"3":{"start":{"line":5,"column":8},"end":{"line":10,"column":10}},"4":{"start":{"line":13,"column":8},"end":{"line":18,"column":10}},"5":{"start":{"line":23,"column":27},"end":{"line":45,"column":1}},"6":{"start":{"line":24,"column":4},"end":{"line":43,"column":5}},"7":{"start":{"line":25,"column":22},"end":{"line":25,"column":39}},"8":{"start":{"line":26,"column":8},"end":{"line":32,"column":10}},"9":{"start":{"line":33,"column":8},"end":{"line":33,"column":26}},"10":{"start":{"line":36,"column":8},"end":{"line":41,"column":10}},"11":{"start":{"line":46,"column":23},"end":{"line":76,"column":1}},"12":{"start":{"line":47,"column":4},"end":{"line":74,"column":5}},"13":{"start":{"line":48,"column":21},"end":{"line":48,"column":76}},"14":{"start":{"line":55,"column":8},"end":{"line":66,"column":9}},"15":{"start":{"line":56,"column":12},"end":{"line":59,"column":14}},"16":{"start":{"line":62,"column":12},"end":{"line":64,"column":14}},"17":{"start":{"line":69,"column":8},"end":{"line":72,"column":10}},"18":{"start":{"line":77,"column":26},"end":{"line":108,"column":1}},"19":{"start":{"line":78,"column":4},"end":{"line":106,"column":5}},"20":{"start":{"line":79,"column":21},"end":{"line":82,"column":10}},"21":{"start":{"line":83,"column":8},"end":{"line":97,"column":9}},"22":{"start":{"line":85,"column":12},"end":{"line":91,"column":14}},"23":{"start":{"line":93,"column":12},"end":{"line":95,"column":14}},"24":{"start":{"line":101,"column":8},"end":{"line":104,"column":10}},"25":{"start":{"line":109,"column":26},"end":{"line":136,"column":1}},"26":{"start":{"line":110,"column":4},"end":{"line":134,"column":5}},"27":{"start":{"line":111,"column":19},"end":{"line":111,"column":62}},"28":{"start":{"line":112,"column":6},"end":{"line":122,"column":7}},"29":{"start":{"line":113,"column":8},"end":{"line":117,"column":10}},"30":{"start":{"line":119,"column":10},"end":{"line":121,"column":12}},"31":{"start":{"line":127,"column":8},"end":{"line":132,"column":10}}},"fnMap":{"0":{"name":"(anonymous_0)","decl":{"start":{"line":2,"column":26},"end":{"line":2,"column":27}},"loc":{"start":{"line":2,"column":46},"end":{"line":22,"column":1}},"line":2},"1":{"name":"(anonymous_1)","decl":{"start":{"line":23,"column":27},"end":{"line":23,"column":28}},"loc":{"start":{"line":23,"column":47},"end":{"line":45,"column":1}},"line":23},"2":{"name":"(anonymous_2)","decl":{"start":{"line":46,"column":23},"end":{"line":46,"column":24}},"loc":{"start":{"line":46,"column":43},"end":{"line":76,"column":1}},"line":46},"3":{"name":"(anonymous_3)","decl":{"start":{"line":77,"column":26},"end":{"line":77,"column":27}},"loc":{"start":{"line":77,"column":46},"end":{"line":108,"column":1}},"line":77},"4":{"name":"(anonymous_4)","decl":{"start":{"line":109,"column":26},"end":{"line":109,"column":27}},"loc":{"start":{"line":109,"column":46},"end":{"line":136,"column":1}},"line":109}},"branchMap":{"0":{"loc":{"start":{"line":55,"column":8},"end":{"line":66,"column":9}},"type":"if","locations":[{"start":{"line":55,"column":8},"end":{"line":66,"column":9}},{"start":{"line":61,"column":15},"end":{"line":66,"column":9}}],"line":55},"1":{"loc":{"start":{"line":83,"column":8},"end":{"line":97,"column":9}},"type":"if","locations":[{"start":{"line":83,"column":8},"end":{"line":97,"column":9}},{"start":{"line":92,"column":13},"end":{"line":97,"column":9}}],"line":83},"2":{"loc":{"start":{"line":112,"column":6},"end":{"line":122,"column":7}},"type":"if","locations":[{"start":{"line":112,"column":6},"end":{"line":122,"column":7}},{"start":{"line":118,"column":12},"end":{"line":122,"column":7}}],"line":112}},"s":{"0":1,"1":0,"2":0,"3":0,"4":0,"5":1,"6":0,"7":0,"8":0,"9":0,"10":0,"11":1,"12":0,"13":0,"14":0,"15":0,"16":0,"17":0,"18":1,"19":0,"20":0,"21":0,"22":0,"23":0,"24":0,"25":1,"26":0,"27":0,"28":0,"29":0,"30":0,"31":0},"f":{"0":0,"1":0,"2":0,"3":0,"4":0},"b":{"0":[0,0],"1":[0,0],"2":[0,0]},"_coverageSchema":"1a1c01bbd47fc00a2c39e90264f33305004495a9","hash":"5ea5c2ca105e7ddcb5caf66b6a8217d3510f3547"}
,"/Users/andelarwanda/Desktop/GilTech_backEnd/controllers/commentController.js": {"path":"/Users/andelarwanda/Desktop/GilTech_backEnd/controllers/commentController.js","statementMap":{"0":{"start":{"line":3,"column":29},"end":{"line":27,"column":1}},"1":{"start":{"line":4,"column":4},"end":{"line":26,"column":5}},"2":{"start":{"line":5,"column":27},"end":{"line":11,"column":10}},"3":{"start":{"line":13,"column":25},"end":{"line":13,"column":59}},"4":{"start":{"line":14,"column":8},"end":{"line":14,"column":42}},"5":{"start":{"line":15,"column":8},"end":{"line":20,"column":10}},"6":{"start":{"line":16,"column":12},"end":{"line":19,"column":14}},"7":{"start":{"line":22,"column":8},"end":{"line":25,"column":10}},"8":{"start":{"line":28,"column":30},"end":{"line":42,"column":1}},"9":{"start":{"line":29,"column":4},"end":{"line":41,"column":5}},"10":{"start":{"line":30,"column":25},"end":{"line":30,"column":70}},"11":{"start":{"line":31,"column":8},"end":{"line":35,"column":10}},"12":{"start":{"line":37,"column":8},"end":{"line":40,"column":10}},"13":{"start":{"line":43,"column":26},"end":{"line":69,"column":1}},"14":{"start":{"line":44,"column":4},"end":{"line":68,"column":5}},"15":{"start":{"line":45,"column":23},"end":{"line":45,"column":40}},"16":{"start":{"line":46,"column":26},"end":{"line":46,"column":46}},"17":{"start":{"line":47,"column":24},"end":{"line":50,"column":10}},"18":{"start":{"line":51,"column":8},"end":{"line":62,"column":9}},"19":{"start":{"line":52,"column":12},"end":{"line":55,"column":14}},"20":{"start":{"line":58,"column":12},"end":{"line":60,"column":14}},"21":{"start":{"line":64,"column":8},"end":{"line":67,"column":10}},"22":{"start":{"line":71,"column":29},"end":{"line":94,"column":1}},"23":{"start":{"line":72,"column":4},"end":{"line":93,"column":5}},"24":{"start":{"line":73,"column":23},"end":{"line":73,"column":40}},"25":{"start":{"line":74,"column":26},"end":{"line":74,"column":46}},"26":{"start":{"line":75,"column":24},"end":{"line":78,"column":10}},"27":{"start":{"line":79,"column":8},"end":{"line":87,"column":9}},"28":{"start":{"line":80,"column":12},"end":{"line":82,"column":14}},"29":{"start":{"line":84,"column":12},"end":{"line":86,"column":14}},"30":{"start":{"line":89,"column":8},"end":{"line":92,"column":10}}},"fnMap":{"0":{"name":"(anonymous_0)","decl":{"start":{"line":3,"column":29},"end":{"line":3,"column":30}},"loc":{"start":{"line":3,"column":49},"end":{"line":27,"column":1}},"line":3},"1":{"name":"(anonymous_1)","decl":{"start":{"line":15,"column":28},"end":{"line":15,"column":29}},"loc":{"start":{"line":15,"column":35},"end":{"line":20,"column":9}},"line":15},"2":{"name":"(anonymous_2)","decl":{"start":{"line":28,"column":30},"end":{"line":28,"column":31}},"loc":{"start":{"line":28,"column":50},"end":{"line":42,"column":1}},"line":28},"3":{"name":"(anonymous_3)","decl":{"start":{"line":43,"column":26},"end":{"line":43,"column":27}},"loc":{"start":{"line":43,"column":46},"end":{"line":69,"column":1}},"line":43},"4":{"name":"(anonymous_4)","decl":{"start":{"line":71,"column":29},"end":{"line":71,"column":30}},"loc":{"start":{"line":71,"column":49},"end":{"line":94,"column":1}},"line":71}},"branchMap":{"0":{"loc":{"start":{"line":51,"column":8},"end":{"line":62,"column":9}},"type":"if","locations":[{"start":{"line":51,"column":8},"end":{"line":62,"column":9}},{"start":{"line":57,"column":15},"end":{"line":62,"column":9}}],"line":51},"1":{"loc":{"start":{"line":79,"column":8},"end":{"line":87,"column":9}},"type":"if","locations":[{"start":{"line":79,"column":8},"end":{"line":87,"column":9}},{"start":{"line":83,"column":15},"end":{"line":87,"column":9}}],"line":79}},"s":{"0":1,"1":0,"2":0,"3":0,"4":0,"5":0,"6":0,"7":0,"8":1,"9":0,"10":0,"11":0,"12":0,"13":1,"14":0,"15":0,"16":0,"17":0,"18":0,"19":0,"20":0,"21":0,"22":1,"23":0,"24":0,"25":0,"26":0,"27":0,"28":0,"29":0,"30":0},"f":{"0":0,"1":0,"2":0,"3":0,"4":0},"b":{"0":[0,0],"1":[0,0]},"_coverageSchema":"1a1c01bbd47fc00a2c39e90264f33305004495a9","hash":"97bbb10cb8824fd7cdad4d900ff4ddb887f9b34c"}
,"/Users/andelarwanda/Desktop/GilTech_backEnd/controllers/messageController.js": {"path":"/Users/andelarwanda/Desktop/GilTech_backEnd/controllers/messageController.js","statementMap":{"0":{"start":{"line":3,"column":29},"end":{"line":23,"column":1}},"1":{"start":{"line":4,"column":4},"end":{"line":21,"column":5}},"2":{"start":{"line":5,"column":27},"end":{"line":5,"column":57}},"3":{"start":{"line":6,"column":8},"end":{"line":11,"column":10}},"4":{"start":{"line":14,"column":8},"end":{"line":19,"column":10}},"5":{"start":{"line":24,"column":30},"end":{"line":44,"column":1}},"6":{"start":{"line":25,"column":4},"end":{"line":42,"column":5}},"7":{"start":{"line":26,"column":25},"end":{"line":26,"column":45}},"8":{"start":{"line":27,"column":8},"end":{"line":32,"column":10}},"9":{"start":{"line":35,"column":8},"end":{"line":40,"column":10}},"10":{"start":{"line":45,"column":26},"end":{"line":73,"column":1}},"11":{"start":{"line":46,"column":4},"end":{"line":71,"column":5}},"12":{"start":{"line":47,"column":24},"end":{"line":47,"column":61}},"13":{"start":{"line":48,"column":5},"end":{"line":61,"column":6}},"14":{"start":{"line":49,"column":8},"end":{"line":55,"column":10}},"15":{"start":{"line":58,"column":8},"end":{"line":60,"column":10}},"16":{"start":{"line":64,"column":8},"end":{"line":69,"column":10}},"17":{"start":{"line":74,"column":29},"end":{"line":107,"column":1}},"18":{"start":{"line":75,"column":4},"end":{"line":105,"column":5}},"19":{"start":{"line":76,"column":26},"end":{"line":79,"column":10}},"20":{"start":{"line":80,"column":8},"end":{"line":94,"column":12}},"21":{"start":{"line":81,"column":12},"end":{"line":87,"column":14}},"22":{"start":{"line":91,"column":11},"end":{"line":93,"column":13}},"23":{"start":{"line":98,"column":8},"end":{"line":103,"column":10}},"24":{"start":{"line":108,"column":29},"end":{"line":130,"column":1}},"25":{"start":{"line":109,"column":4},"end":{"line":128,"column":5}},"26":{"start":{"line":110,"column":8},"end":{"line":110,"column":54}},"27":{"start":{"line":111,"column":8},"end":{"line":118,"column":10}},"28":{"start":{"line":121,"column":8},"end":{"line":126,"column":10}}},"fnMap":{"0":{"name":"(anonymous_0)","decl":{"start":{"line":3,"column":29},"end":{"line":3,"column":30}},"loc":{"start":{"line":3,"column":49},"end":{"line":23,"column":1}},"line":3},"1":{"name":"(anonymous_1)","decl":{"start":{"line":24,"column":30},"end":{"line":24,"column":31}},"loc":{"start":{"line":24,"column":50},"end":{"line":44,"column":1}},"line":24},"2":{"name":"(anonymous_2)","decl":{"start":{"line":45,"column":26},"end":{"line":45,"column":27}},"loc":{"start":{"line":45,"column":46},"end":{"line":73,"column":1}},"line":45},"3":{"name":"(anonymous_3)","decl":{"start":{"line":74,"column":29},"end":{"line":74,"column":30}},"loc":{"start":{"line":74,"column":49},"end":{"line":107,"column":1}},"line":74},"4":{"name":"(anonymous_4)","decl":{"start":{"line":108,"column":29},"end":{"line":108,"column":30}},"loc":{"start":{"line":108,"column":49},"end":{"line":130,"column":1}},"line":108}},"branchMap":{"0":{"loc":{"start":{"line":48,"column":5},"end":{"line":61,"column":6}},"type":"if","locations":[{"start":{"line":48,"column":5},"end":{"line":61,"column":6}},{"start":{"line":56,"column":11},"end":{"line":61,"column":6}}],"line":48},"1":{"loc":{"start":{"line":80,"column":8},"end":{"line":94,"column":12}},"type":"if","locations":[{"start":{"line":80,"column":8},"end":{"line":94,"column":12}},{"start":{"line":90,"column":11},"end":{"line":94,"column":12}}],"line":80}},"s":{"0":1,"1":0,"2":0,"3":0,"4":0,"5":1,"6":0,"7":0,"8":0,"9":0,"10":1,"11":0,"12":0,"13":0,"14":0,"15":0,"16":0,"17":1,"18":0,"19":0,"20":0,"21":0,"22":0,"23":0,"24":1,"25":0,"26":0,"27":0,"28":0},"f":{"0":0,"1":0,"2":0,"3":0,"4":0},"b":{"0":[0,0],"1":[0,0]},"_coverageSchema":"1a1c01bbd47fc00a2c39e90264f33305004495a9","hash":"c13095998225f073c92fc071d7486421f3602697"}
,"/Users/andelarwanda/Desktop/GilTech_backEnd/controllers/userController.js": {"path":"/Users/andelarwanda/Desktop/GilTech_backEnd/controllers/userController.js","statementMap":{"0":{"start":{"line":4,"column":26},"end":{"line":45,"column":1}},"1":{"start":{"line":5,"column":4},"end":{"line":43,"column":5}},"2":{"start":{"line":6,"column":22},"end":{"line":6,"column":36}},"3":{"start":{"line":7,"column":27},"end":{"line":9,"column":10}},"4":{"start":{"line":10,"column":8},"end":{"line":34,"column":9}},"5":{"start":{"line":11,"column":12},"end":{"line":13,"column":14}},"6":{"start":{"line":17,"column":25},"end":{"line":17,"column":49}},"7":{"start":{"line":18,"column":24},"end":{"line":18,"column":66}},"8":{"start":{"line":19,"column":28},"end":{"line":25,"column":14}},"9":{"start":{"line":27,"column":12},"end":{"line":32,"column":14}},"10":{"start":{"line":36,"column":8},"end":{"line":41,"column":10}},"11":{"start":{"line":47,"column":27},"end":{"line":68,"column":1}},"12":{"start":{"line":48,"column":4},"end":{"line":66,"column":5}},"13":{"start":{"line":49,"column":22},"end":{"line":49,"column":39}},"14":{"start":{"line":50,"column":8},"end":{"line":56,"column":10}},"15":{"start":{"line":59,"column":8},"end":{"line":64,"column":10}},"16":{"start":{"line":69,"column":23},"end":{"line":103,"column":1}},"17":{"start":{"line":70,"column":4},"end":{"line":101,"column":5}},"18":{"start":{"line":71,"column":21},"end":{"line":71,"column":55}},"19":{"start":{"line":80,"column":8},"end":{"line":91,"column":9}},"20":{"start":{"line":81,"column":12},"end":{"line":84,"column":14}},"21":{"start":{"line":87,"column":12},"end":{"line":89,"column":14}},"22":{"start":{"line":93,"column":8},"end":{"line":99,"column":10}},"23":{"start":{"line":104,"column":26},"end":{"line":127,"column":1}},"24":{"start":{"line":105,"column":4},"end":{"line":125,"column":5}},"25":{"start":{"line":106,"column":21},"end":{"line":109,"column":10}},"26":{"start":{"line":110,"column":8},"end":{"line":115,"column":10}},"27":{"start":{"line":118,"column":8},"end":{"line":123,"column":10}},"28":{"start":{"line":128,"column":26},"end":{"line":157,"column":1}},"29":{"start":{"line":129,"column":4},"end":{"line":155,"column":5}},"30":{"start":{"line":130,"column":19},"end":{"line":130,"column":62}},"31":{"start":{"line":132,"column":4},"end":{"line":142,"column":5}},"32":{"start":{"line":133,"column":8},"end":{"line":137,"column":10}},"33":{"start":{"line":139,"column":8},"end":{"line":141,"column":10}},"34":{"start":{"line":148,"column":8},"end":{"line":153,"column":10}},"35":{"start":{"line":159,"column":21},"end":{"line":180,"column":1}},"36":{"start":{"line":160,"column":4},"end":{"line":179,"column":5}},"37":{"start":{"line":161,"column":21},"end":{"line":161,"column":29}},"38":{"start":{"line":162,"column":21},"end":{"line":162,"column":62}},"39":{"start":{"line":163,"column":8},"end":{"line":176,"column":9}},"40":{"start":{"line":164,"column":34},"end":{"line":164,"column":84}},"41":{"start":{"line":165,"column":12},"end":{"line":173,"column":13}},"42":{"start":{"line":167,"column":16},"end":{"line":170,"column":19}},"43":{"start":{"line":172,"column":16},"end":{"line":172,"column":70}},"44":{"start":{"line":175,"column":12},"end":{"line":175,"column":69}},"45":{"start":{"line":178,"column":8},"end":{"line":178,"column":57}}},"fnMap":{"0":{"name":"(anonymous_0)","decl":{"start":{"line":4,"column":26},"end":{"line":4,"column":27}},"loc":{"start":{"line":4,"column":46},"end":{"line":45,"column":1}},"line":4},"1":{"name":"(anonymous_1)","decl":{"start":{"line":47,"column":27},"end":{"line":47,"column":28}},"loc":{"start":{"line":47,"column":47},"end":{"line":68,"column":1}},"line":47},"2":{"name":"(anonymous_2)","decl":{"start":{"line":69,"column":23},"end":{"line":69,"column":24}},"loc":{"start":{"line":69,"column":43},"end":{"line":103,"column":1}},"line":69},"3":{"name":"(anonymous_3)","decl":{"start":{"line":104,"column":26},"end":{"line":104,"column":27}},"loc":{"start":{"line":104,"column":46},"end":{"line":127,"column":1}},"line":104},"4":{"name":"(anonymous_4)","decl":{"start":{"line":128,"column":26},"end":{"line":128,"column":27}},"loc":{"start":{"line":128,"column":46},"end":{"line":157,"column":1}},"line":128},"5":{"name":"(anonymous_5)","decl":{"start":{"line":159,"column":21},"end":{"line":159,"column":22}},"loc":{"start":{"line":159,"column":41},"end":{"line":180,"column":1}},"line":159}},"branchMap":{"0":{"loc":{"start":{"line":10,"column":8},"end":{"line":34,"column":9}},"type":"if","locations":[{"start":{"line":10,"column":8},"end":{"line":34,"column":9}},{"start":{"line":14,"column":15},"end":{"line":34,"column":9}}],"line":10},"1":{"loc":{"start":{"line":80,"column":8},"end":{"line":91,"column":9}},"type":"if","locations":[{"start":{"line":80,"column":8},"end":{"line":91,"column":9}},{"start":{"line":86,"column":15},"end":{"line":91,"column":9}}],"line":80},"2":{"loc":{"start":{"line":132,"column":4},"end":{"line":142,"column":5}},"type":"if","locations":[{"start":{"line":132,"column":4},"end":{"line":142,"column":5}},{"start":{"line":138,"column":9},"end":{"line":142,"column":5}}],"line":132},"3":{"loc":{"start":{"line":163,"column":8},"end":{"line":176,"column":9}},"type":"if","locations":[{"start":{"line":163,"column":8},"end":{"line":176,"column":9}},{"start":{"line":174,"column":15},"end":{"line":176,"column":9}}],"line":163},"4":{"loc":{"start":{"line":165,"column":12},"end":{"line":173,"column":13}},"type":"if","locations":[{"start":{"line":165,"column":12},"end":{"line":173,"column":13}},{"start":{"line":171,"column":19},"end":{"line":173,"column":13}}],"line":165}},"s":{"0":1,"1":0,"2":0,"3":0,"4":0,"5":0,"6":0,"7":0,"8":0,"9":0,"10":0,"11":1,"12":0,"13":0,"14":0,"15":0,"16":1,"17":0,"18":0,"19":0,"20":0,"21":0,"22":0,"23":1,"24":0,"25":0,"26":0,"27":0,"28":1,"29":0,"30":0,"31":0,"32":0,"33":0,"34":0,"35":1,"36":0,"37":0,"38":0,"39":0,"40":0,"41":0,"42":0,"43":0,"44":0,"45":0},"f":{"0":0,"1":0,"2":0,"3":0,"4":0,"5":0},"b":{"0":[0,0],"1":[0,0],"2":[0,0],"3":[0,0],"4":[0,0]},"_coverageSchema":"1a1c01bbd47fc00a2c39e90264f33305004495a9","hash":"b265d55df9d109b68ed7b12fd8d4a34791c42e82"}
,"/Users/andelarwanda/Desktop/GilTech_backEnd/middleWares/SignUpValidator.js": {"path":"/Users/andelarwanda/Desktop/GilTech_backEnd/middleWares/SignUpValidator.js","statementMap":{"0":{"start":{"line":2,"column":24},"end":{"line":41,"column":1}},"1":{"start":{"line":3,"column":16},"end":{"line":3,"column":30}},"2":{"start":{"line":4,"column":15},"end":{"line":4,"column":32}},"3":{"start":{"line":5,"column":14},"end":{"line":5,"column":31}},"4":{"start":{"line":6,"column":18},"end":{"line":6,"column":42}},"5":{"start":{"line":8,"column":4},"end":{"line":10,"column":5}},"6":{"start":{"line":9,"column":8},"end":{"line":9,"column":54}},"7":{"start":{"line":11,"column":4},"end":{"line":13,"column":5}},"8":{"start":{"line":12,"column":8},"end":{"line":12,"column":58}},"9":{"start":{"line":14,"column":4},"end":{"line":16,"column":5}},"10":{"start":{"line":15,"column":8},"end":{"line":15,"column":66}},"11":{"start":{"line":17,"column":4},"end":{"line":19,"column":5}},"12":{"start":{"line":18,"column":8},"end":{"line":18,"column":57}},"13":{"start":{"line":20,"column":4},"end":{"line":22,"column":5}},"14":{"start":{"line":21,"column":8},"end":{"line":21,"column":63}},"15":{"start":{"line":23,"column":4},"end":{"line":29,"column":5}},"16":{"start":{"line":24,"column":8},"end":{"line":24,"column":35}},"17":{"start":{"line":25,"column":8},"end":{"line":25,"column":40}},"18":{"start":{"line":26,"column":8},"end":{"line":28,"column":9}},"19":{"start":{"line":27,"column":12},"end":{"line":27,"column":59}},"20":{"start":{"line":30,"column":4},"end":{"line":34,"column":5}},"21":{"start":{"line":31,"column":8},"end":{"line":33,"column":9}},"22":{"start":{"line":32,"column":12},"end":{"line":32,"column":67}},"23":{"start":{"line":35,"column":4},"end":{"line":37,"column":5}},"24":{"start":{"line":36,"column":8},"end":{"line":36,"column":69}},"25":{"start":{"line":39,"column":4},"end":{"line":39,"column":36}},"26":{"start":{"line":40,"column":4},"end":{"line":40,"column":11}}},"fnMap":{"0":{"name":"(anonymous_0)","decl":{"start":{"line":2,"column":24},"end":{"line":2,"column":25}},"loc":{"start":{"line":2,"column":44},"end":{"line":41,"column":1}},"line":2}},"branchMap":{"0":{"loc":{"start":{"line":8,"column":4},"end":{"line":10,"column":5}},"type":"if","locations":[{"start":{"line":8,"column":4},"end":{"line":10,"column":5}},{"start":{},"end":{}}],"line":8},"1":{"loc":{"start":{"line":11,"column":4},"end":{"line":13,"column":5}},"type":"if","locations":[{"start":{"line":11,"column":4},"end":{"line":13,"column":5}},{"start":{},"end":{}}],"line":11},"2":{"loc":{"start":{"line":14,"column":4},"end":{"line":16,"column":5}},"type":"if","locations":[{"start":{"line":14,"column":4},"end":{"line":16,"column":5}},{"start":{},"end":{}}],"line":14},"3":{"loc":{"start":{"line":17,"column":4},"end":{"line":19,"column":5}},"type":"if","locations":[{"start":{"line":17,"column":4},"end":{"line":19,"column":5}},{"start":{},"end":{}}],"line":17},"4":{"loc":{"start":{"line":20,"column":4},"end":{"line":22,"column":5}},"type":"if","locations":[{"start":{"line":20,"column":4},"end":{"line":22,"column":5}},{"start":{},"end":{}}],"line":20},"5":{"loc":{"start":{"line":23,"column":4},"end":{"line":29,"column":5}},"type":"if","locations":[{"start":{"line":23,"column":4},"end":{"line":29,"column":5}},{"start":{},"end":{}}],"line":23},"6":{"loc":{"start":{"line":26,"column":8},"end":{"line":28,"column":9}},"type":"if","locations":[{"start":{"line":26,"column":8},"end":{"line":28,"column":9}},{"start":{},"end":{}}],"line":26},"7":{"loc":{"start":{"line":26,"column":12},"end":{"line":26,"column":45}},"type":"binary-expr","locations":[{"start":{"line":26,"column":12},"end":{"line":26,"column":21}},{"start":{"line":26,"column":26},"end":{"line":26,"column":44}}],"line":26},"8":{"loc":{"start":{"line":30,"column":4},"end":{"line":34,"column":5}},"type":"if","locations":[{"start":{"line":30,"column":4},"end":{"line":34,"column":5}},{"start":{},"end":{}}],"line":30},"9":{"loc":{"start":{"line":30,"column":8},"end":{"line":30,"column":34}},"type":"binary-expr","locations":[{"start":{"line":30,"column":8},"end":{"line":30,"column":17}},{"start":{"line":30,"column":21},"end":{"line":30,"column":34}}],"line":30},"10":{"loc":{"start":{"line":31,"column":8},"end":{"line":33,"column":9}},"type":"if","locations":[{"start":{"line":31,"column":8},"end":{"line":33,"column":9}},{"start":{},"end":{}}],"line":31},"11":{"loc":{"start":{"line":35,"column":4},"end":{"line":37,"column":5}},"type":"if","locations":[{"start":{"line":35,"column":4},"end":{"line":37,"column":5}},{"start":{},"end":{}}],"line":35}},"s":{"0":1,"1":0,"2":0,"3":0,"4":0,"5":0,"6":0,"7":0,"8":0,"9":0,"10":0,"11":0,"12":0,"13":0,"14":0,"15":0,"16":0,"17":0,"18":0,"19":0,"20":0,"21":0,"22":0,"23":0,"24":0,"25":0,"26":0},"f":{"0":0},"b":{"0":[0,0],"1":[0,0],"2":[0,0],"3":[0,0],"4":[0,0],"5":[0,0],"6":[0,0],"7":[0,0],"8":[0,0],"9":[0,0],"10":[0,0],"11":[0,0]},"_coverageSchema":"1a1c01bbd47fc00a2c39e90264f33305004495a9","hash":"674b9aded2feedbb026b75fed0032df92eb3c73a"}
,"/Users/andelarwanda/Desktop/GilTech_backEnd/middleWares/auth.js": {"path":"/Users/andelarwanda/Desktop/GilTech_backEnd/middleWares/auth.js","statementMap":{"0":{"start":{"line":4,"column":23},"end":{"line":33,"column":1}},"1":{"start":{"line":7,"column":4},"end":{"line":31,"column":5}},"2":{"start":{"line":9,"column":8},"end":{"line":11,"column":9}},"3":{"start":{"line":10,"column":12},"end":{"line":10,"column":59}},"4":{"start":{"line":13,"column":8},"end":{"line":15,"column":9}},"5":{"start":{"line":14,"column":12},"end":{"line":14,"column":67}},"6":{"start":{"line":17,"column":24},"end":{"line":17,"column":69}},"7":{"start":{"line":20,"column":26},"end":{"line":20,"column":63}},"8":{"start":{"line":21,"column":8},"end":{"line":23,"column":9}},"9":{"start":{"line":22,"column":12},"end":{"line":22,"column":70}},"10":{"start":{"line":24,"column":8},"end":{"line":24,"column":28}},"11":{"start":{"line":26,"column":8},"end":{"line":26,"column":14}},"12":{"start":{"line":28,"column":8},"end":{"line":30,"column":10}},"13":{"start":{"line":36,"column":26},"end":{"line":45,"column":1}},"14":{"start":{"line":38,"column":4},"end":{"line":44,"column":5}},"15":{"start":{"line":40,"column":8},"end":{"line":42,"column":9}},"16":{"start":{"line":41,"column":12},"end":{"line":41,"column":93}},"17":{"start":{"line":43,"column":8},"end":{"line":43,"column":14}}},"fnMap":{"0":{"name":"(anonymous_0)","decl":{"start":{"line":4,"column":23},"end":{"line":4,"column":24}},"loc":{"start":{"line":4,"column":49},"end":{"line":33,"column":1}},"line":4},"1":{"name":"(anonymous_1)","decl":{"start":{"line":36,"column":26},"end":{"line":36,"column":27}},"loc":{"start":{"line":36,"column":40},"end":{"line":45,"column":1}},"line":36},"2":{"name":"(anonymous_2)","decl":{"start":{"line":38,"column":11},"end":{"line":38,"column":12}},"loc":{"start":{"line":38,"column":31},"end":{"line":44,"column":5}},"line":38}},"branchMap":{"0":{"loc":{"start":{"line":9,"column":8},"end":{"line":11,"column":9}},"type":"if","locations":[{"start":{"line":9,"column":8},"end":{"line":11,"column":9}},{"start":{},"end":{}}],"line":9},"1":{"loc":{"start":{"line":13,"column":8},"end":{"line":15,"column":9}},"type":"if","locations":[{"start":{"line":13,"column":8},"end":{"line":15,"column":9}},{"start":{},"end":{}}],"line":13},"2":{"loc":{"start":{"line":21,"column":8},"end":{"line":23,"column":9}},"type":"if","locations":[{"start":{"line":21,"column":8},"end":{"line":23,"column":9}},{"start":{},"end":{}}],"line":21},"3":{"loc":{"start":{"line":40,"column":8},"end":{"line":42,"column":9}},"type":"if","locations":[{"start":{"line":40,"column":8},"end":{"line":42,"column":9}},{"start":{},"end":{}}],"line":40}},"s":{"0":1,"1":0,"2":0,"3":0,"4":0,"5":0,"6":0,"7":0,"8":0,"9":0,"10":0,"11":0,"12":0,"13":1,"14":8,"15":0,"16":0,"17":0},"f":{"0":0,"1":8,"2":0},"b":{"0":[0,0],"1":[0,0],"2":[0,0],"3":[0,0]},"_coverageSchema":"1a1c01bbd47fc00a2c39e90264f33305004495a9","hash":"4740e8769651f0506f71205a0b2e6e5afec314b3"}
,"/Users/andelarwanda/Desktop/GilTech_backEnd/models/blogModel.js": {"path":"/Users/andelarwanda/Desktop/GilTech_backEnd/models/blogModel.js","statementMap":{"0":{"start":{"line":2,"column":17},"end":{"line":30,"column":2}},"1":{"start":{"line":32,"column":11},"end":{"line":32,"column":44}}},"fnMap":{},"branchMap":{},"s":{"0":1,"1":1},"f":{},"b":{},"_coverageSchema":"1a1c01bbd47fc00a2c39e90264f33305004495a9","hash":"05328a6ad7e8223a3370aa185a1f340f97ade98e"}
,"/Users/andelarwanda/Desktop/GilTech_backEnd/models/commentModel.js": {"path":"/Users/andelarwanda/Desktop/GilTech_backEnd/models/commentModel.js","statementMap":{"0":{"start":{"line":3,"column":20},"end":{"line":28,"column":2}},"1":{"start":{"line":30,"column":14},"end":{"line":30,"column":54}}},"fnMap":{},"branchMap":{},"s":{"0":1,"1":1},"f":{},"b":{},"_coverageSchema":"1a1c01bbd47fc00a2c39e90264f33305004495a9","hash":"bc60ea2078ce2107575270a634e7321e7bf5dece"}
,"/Users/andelarwanda/Desktop/GilTech_backEnd/models/messageModel.js": {"path":"/Users/andelarwanda/Desktop/GilTech_backEnd/models/messageModel.js","statementMap":{"0":{"start":{"line":2,"column":20},"end":{"line":21,"column":2}},"1":{"start":{"line":23,"column":14},"end":{"line":23,"column":54}}},"fnMap":{},"branchMap":{},"s":{"0":1,"1":1},"f":{},"b":{},"_coverageSchema":"1a1c01bbd47fc00a2c39e90264f33305004495a9","hash":"5d0e4172c752a2c238e89cfb3469bc8bd0677228"}
,"/Users/andelarwanda/Desktop/GilTech_backEnd/models/userModel.js": {"path":"/Users/andelarwanda/Desktop/GilTech_backEnd/models/userModel.js","statementMap":{"0":{"start":{"line":4,"column":17},"end":{"line":40,"column":2}},"1":{"start":{"line":43,"column":11},"end":{"line":43,"column":44}}},"fnMap":{},"branchMap":{},"s":{"0":1,"1":1},"f":{},"b":{},"_coverageSchema":"1a1c01bbd47fc00a2c39e90264f33305004495a9","hash":"0f92a4b91e2e85558fedf26def0fbae9b4dd1d79"}
,"/Users/andelarwanda/Desktop/GilTech_backEnd/routes/blogRoutes.js": {"path":"/Users/andelarwanda/Desktop/GilTech_backEnd/routes/blogRoutes.js","statementMap":{"0":{"start":{"line":6,"column":13},"end":{"line":6,"column":29}},"1":{"start":{"line":8,"column":0},"end":{"line":8,"column":80}},"2":{"start":{"line":9,"column":0},"end":{"line":9,"column":128}}},"fnMap":{},"branchMap":{},"s":{"0":1,"1":1,"2":1},"f":{},"b":{},"_coverageSchema":"1a1c01bbd47fc00a2c39e90264f33305004495a9","hash":"5f1970c12a53652edf80cc8bd5486ca3f25e9cfb"}
,"/Users/andelarwanda/Desktop/GilTech_backEnd/routes/commentRoutes.js": {"path":"/Users/andelarwanda/Desktop/GilTech_backEnd/routes/commentRoutes.js","statementMap":{"0":{"start":{"line":6,"column":13},"end":{"line":6,"column":29}},"1":{"start":{"line":9,"column":0},"end":{"line":9,"column":68}},"2":{"start":{"line":10,"column":0},"end":{"line":10,"column":102}}},"fnMap":{},"branchMap":{},"s":{"0":1,"1":1,"2":1},"f":{},"b":{},"_coverageSchema":"1a1c01bbd47fc00a2c39e90264f33305004495a9","hash":"b751609bb20b1c907be7bb59f485ae846c8e2c61"}
,"/Users/andelarwanda/Desktop/GilTech_backEnd/routes/messageRoutes.js": {"path":"/Users/andelarwanda/Desktop/GilTech_backEnd/routes/messageRoutes.js","statementMap":{"0":{"start":{"line":6,"column":13},"end":{"line":6,"column":29}},"1":{"start":{"line":8,"column":0},"end":{"line":8,"column":86}},"2":{"start":{"line":9,"column":0},"end":{"line":9,"column":137}}},"fnMap":{},"branchMap":{},"s":{"0":1,"1":1,"2":1},"f":{},"b":{},"_coverageSchema":"1a1c01bbd47fc00a2c39e90264f33305004495a9","hash":"dbcb5bdf3e0afcc5985df2b4854f72557be3e70a"}
,"/Users/andelarwanda/Desktop/GilTech_backEnd/routes/userRoutes.js": {"path":"/Users/andelarwanda/Desktop/GilTech_backEnd/routes/userRoutes.js","statementMap":{"0":{"start":{"line":7,"column":13},"end":{"line":7,"column":29}},"1":{"start":{"line":9,"column":0},"end":{"line":9,"column":96}},"2":{"start":{"line":10,"column":0},"end":{"line":10,"column":70}},"3":{"start":{"line":11,"column":0},"end":{"line":11,"column":34}}},"fnMap":{},"branchMap":{},"s":{"0":1,"1":1,"2":1,"3":1},"f":{},"b":{},"_coverageSchema":"1a1c01bbd47fc00a2c39e90264f33305004495a9","hash":"527633a4d24658740755453d039e5b3e62d684b4"}
}
