TN:
SF:index.js
FN:12,(anonymous_0)
FNF:1
FNH:0
FNDA:0,(anonymous_0)
DA:8,1
DA:9,1
DA:12,1
DA:14,1
DA:15,1
DA:16,1
DA:17,1
DA:18,1
LF:8
LH:8
BRF:0
BRH:0
end_of_record
TN:
SF:controllers/blogController.js
FN:2,(anonymous_0)
FN:23,(anonymous_1)
FN:46,(anonymous_2)
FN:77,(anonymous_3)
FN:109,(anonymous_4)
FNF:5
FNH:0
FNDA:0,(anonymous_0)
FNDA:0,(anonymous_1)
FNDA:0,(anonymous_2)
FNDA:0,(anonymous_3)
FNDA:0,(anonymous_4)
DA:2,1
DA:3,0
DA:4,0
DA:5,0
DA:13,0
DA:23,1
DA:24,0
DA:25,0
DA:26,0
DA:33,0
DA:36,0
DA:46,1
DA:47,0
DA:48,0
DA:55,0
DA:56,0
DA:62,0
DA:69,0
DA:77,1
DA:78,0
DA:79,0
DA:83,0
DA:85,0
DA:93,0
DA:101,0
DA:109,1
DA:110,0
DA:111,0
DA:112,0
DA:113,0
DA:119,0
DA:127,0
LF:32
LH:5
BRDA:55,0,0,0
BRDA:55,0,1,0
BRDA:83,1,0,0
BRDA:83,1,1,0
BRDA:112,2,0,0
BRDA:112,2,1,0
BRF:6
BRH:0
end_of_record
TN:
SF:controllers/commentController.js
FN:3,(anonymous_0)
FN:15,(anonymous_1)
FN:28,(anonymous_2)
FN:43,(anonymous_3)
FN:71,(anonymous_4)
FNF:5
FNH:0
FNDA:0,(anonymous_0)
FNDA:0,(anonymous_1)
FNDA:0,(anonymous_2)
FNDA:0,(anonymous_3)
FNDA:0,(anonymous_4)
DA:3,1
DA:4,0
DA:5,0
DA:13,0
DA:14,0
DA:15,0
DA:16,0
DA:22,0
DA:28,1
DA:29,0
DA:30,0
DA:31,0
DA:37,0
DA:43,1
DA:44,0
DA:45,0
DA:46,0
DA:47,0
DA:51,0
DA:52,0
DA:58,0
DA:64,0
DA:71,1
DA:72,0
DA:73,0
DA:74,0
DA:75,0
DA:79,0
DA:80,0
DA:84,0
DA:89,0
LF:31
LH:4
BRDA:51,0,0,0
BRDA:51,0,1,0
BRDA:79,1,0,0
BRDA:79,1,1,0
BRF:4
BRH:0
end_of_record
TN:
SF:controllers/messageController.js
FN:3,(anonymous_0)
FN:24,(anonymous_1)
FN:45,(anonymous_2)
FN:74,(anonymous_3)
FN:108,(anonymous_4)
FNF:5
FNH:0
FNDA:0,(anonymous_0)
FNDA:0,(anonymous_1)
FNDA:0,(anonymous_2)
FNDA:0,(anonymous_3)
FNDA:0,(anonymous_4)
DA:3,1
DA:4,0
DA:5,0
DA:6,0
DA:14,0
DA:24,1
DA:25,0
DA:26,0
DA:27,0
DA:35,0
DA:45,1
DA:46,0
DA:47,0
DA:48,0
DA:49,0
DA:58,0
DA:64,0
DA:74,1
DA:75,0
DA:76,0
DA:80,0
DA:81,0
DA:91,0
DA:98,0
DA:108,1
DA:109,0
DA:110,0
DA:111,0
DA:121,0
LF:29
LH:5
BRDA:48,0,0,0
BRDA:48,0,1,0
BRDA:80,1,0,0
BRDA:80,1,1,0
BRF:4
BRH:0
end_of_record
TN:
SF:controllers/userController.js
FN:4,(anonymous_0)
FN:47,(anonymous_1)
FN:69,(anonymous_2)
FN:104,(anonymous_3)
FN:128,(anonymous_4)
FN:159,(anonymous_5)
FNF:6
FNH:0
FNDA:0,(anonymous_0)
FNDA:0,(anonymous_1)
FNDA:0,(anonymous_2)
FNDA:0,(anonymous_3)
FNDA:0,(anonymous_4)
FNDA:0,(anonymous_5)
DA:4,1
DA:5,0
DA:6,0
DA:7,0
DA:10,0
DA:11,0
DA:17,0
DA:18,0
DA:19,0
DA:27,0
DA:36,0
DA:47,1
DA:48,0
DA:49,0
DA:50,0
DA:59,0
DA:69,1
DA:70,0
DA:71,0
DA:80,0
DA:81,0
DA:87,0
DA:93,0
DA:104,1
DA:105,0
DA:106,0
DA:110,0
DA:118,0
DA:128,1
DA:129,0
DA:130,0
DA:132,0
DA:133,0
DA:139,0
DA:148,0
DA:159,1
DA:160,0
DA:161,0
DA:162,0
DA:163,0
DA:164,0
DA:165,0
DA:167,0
DA:172,0
DA:175,0
DA:178,0
LF:46
LH:6
BRDA:10,0,0,0
BRDA:10,0,1,0
BRDA:80,1,0,0
BRDA:80,1,1,0
BRDA:132,2,0,0
BRDA:132,2,1,0
BRDA:163,3,0,0
BRDA:163,3,1,0
BRDA:165,4,0,0
BRDA:165,4,1,0
BRF:10
BRH:0
end_of_record
TN:
SF:middleWares/SignUpValidator.js
FN:2,(anonymous_0)
FNF:1
FNH:0
FNDA:0,(anonymous_0)
DA:2,1
DA:3,0
DA:4,0
DA:5,0
DA:6,0
DA:8,0
DA:9,0
DA:11,0
DA:12,0
DA:14,0
DA:15,0
DA:17,0
DA:18,0
DA:20,0
DA:21,0
DA:23,0
DA:24,0
DA:25,0
DA:26,0
DA:27,0
DA:30,0
DA:31,0
DA:32,0
DA:35,0
DA:36,0
DA:39,0
DA:40,0
LF:27
LH:1
BRDA:8,0,0,0
BRDA:8,0,1,0
BRDA:11,1,0,0
BRDA:11,1,1,0
BRDA:14,2,0,0
BRDA:14,2,1,0
BRDA:17,3,0,0
BRDA:17,3,1,0
BRDA:20,4,0,0
BRDA:20,4,1,0
BRDA:23,5,0,0
BRDA:23,5,1,0
BRDA:26,6,0,0
BRDA:26,6,1,0
BRDA:26,7,0,0
BRDA:26,7,1,0
BRDA:30,8,0,0
BRDA:30,8,1,0
BRDA:30,9,0,0
BRDA:30,9,1,0
BRDA:31,10,0,0
BRDA:31,10,1,0
BRDA:35,11,0,0
BRDA:35,11,1,0
BRF:24
BRH:0
end_of_record
TN:
SF:middleWares/auth.js
FN:4,(anonymous_0)
FN:36,(anonymous_1)
FN:38,(anonymous_2)
FNF:3
FNH:1
FNDA:0,(anonymous_0)
FNDA:8,(anonymous_1)
FNDA:0,(anonymous_2)
DA:4,1
DA:7,0
DA:9,0
DA:10,0
DA:13,0
DA:14,0
DA:17,0
DA:20,0
DA:21,0
DA:22,0
DA:24,0
DA:26,0
DA:28,0
DA:36,1
DA:38,8
DA:40,0
DA:41,0
DA:43,0
LF:18
LH:3
BRDA:9,0,0,0
BRDA:9,0,1,0
BRDA:13,1,0,0
BRDA:13,1,1,0
BRDA:21,2,0,0
BRDA:21,2,1,0
BRDA:40,3,0,0
BRDA:40,3,1,0
BRF:8
BRH:0
end_of_record
TN:
SF:models/blogModel.js
FNF:0
FNH:0
DA:2,1
DA:32,1
LF:2
LH:2
BRF:0
BRH:0
end_of_record
TN:
SF:models/commentModel.js
FNF:0
FNH:0
DA:3,1
DA:30,1
LF:2
LH:2
BRF:0
BRH:0
end_of_record
TN:
SF:models/messageModel.js
FNF:0
FNH:0
DA:2,1
DA:23,1
LF:2
LH:2
BRF:0
BRH:0
end_of_record
TN:
SF:models/userModel.js
FNF:0
FNH:0
DA:4,1
DA:43,1
LF:2
LH:2
BRF:0
BRH:0
end_of_record
TN:
SF:routes/blogRoutes.js
FNF:0
FNH:0
DA:6,1
DA:8,1
DA:9,1
LF:3
LH:3
BRF:0
BRH:0
end_of_record
TN:
SF:routes/commentRoutes.js
FNF:0
FNH:0
DA:6,1
DA:9,1
DA:10,1
LF:3
LH:3
BRF:0
BRH:0
end_of_record
TN:
SF:routes/messageRoutes.js
FNF:0
FNH:0
DA:6,1
DA:8,1
DA:9,1
LF:3
LH:3
BRF:0
BRH:0
end_of_record
TN:
SF:routes/userRoutes.js
FNF:0
FNH:0
DA:7,1
DA:9,1
DA:10,1
DA:11,1
LF:4
LH:4
BRF:0
BRH:0
end_of_record
